c:\users\modder\source\repos\pandemicsimulator\pandemicsimulator\debug\pandemicsimulator.pch
c:\users\modder\source\repos\pandemicsimulator\pandemicsimulator\debug\vc141.pdb
c:\users\modder\source\repos\pandemicsimulator\pandemicsimulator\debug\vc141.idb
c:\users\modder\source\repos\pandemicsimulator\pandemicsimulator\debug\stdafx.obj
c:\users\modder\source\repos\pandemicsimulator\pandemicsimulator\debug\pathogen.obj
c:\users\modder\source\repos\pandemicsimulator\pandemicsimulator\debug\pandemicsimulator.obj
c:\users\modder\source\repos\pandemicsimulator\pandemicsimulator\debug\person.obj
c:\users\modder\source\repos\pandemicsimulator\pandemicsimulator\debug\population.obj
c:\users\modder\source\repos\pandemicsimulator\debug\pandemicsimulator.ilk
c:\users\modder\source\repos\pandemicsimulator\debug\pandemicsimulator.exe
c:\users\modder\source\repos\pandemicsimulator\debug\pandemicsimulator.pdb
c:\users\modder\source\repos\pandemicsimulator\pandemicsimulator\debug\pandemic.a2afb44f.tlog\cl.command.1.tlog
c:\users\modder\source\repos\pandemicsimulator\pandemicsimulator\debug\pandemic.a2afb44f.tlog\cl.read.1.tlog
c:\users\modder\source\repos\pandemicsimulator\pandemicsimulator\debug\pandemic.a2afb44f.tlog\cl.write.1.tlog
c:\users\modder\source\repos\pandemicsimulator\pandemicsimulator\debug\pandemic.a2afb44f.tlog\link-cvtres.read.1.tlog
c:\users\modder\source\repos\pandemicsimulator\pandemicsimulator\debug\pandemic.a2afb44f.tlog\link-cvtres.write.1.tlog
c:\users\modder\source\repos\pandemicsimulator\pandemicsimulator\debug\pandemic.a2afb44f.tlog\link-rc.read.1.tlog
c:\users\modder\source\repos\pandemicsimulator\pandemicsimulator\debug\pandemic.a2afb44f.tlog\link-rc.write.1.tlog
c:\users\modder\source\repos\pandemicsimulator\pandemicsimulator\debug\pandemic.a2afb44f.tlog\link.17996-cvtres.read.1.tlog
c:\users\modder\source\repos\pandemicsimulator\pandemicsimulator\debug\pandemic.a2afb44f.tlog\link.17996-cvtres.write.1.tlog
c:\users\modder\source\repos\pandemicsimulator\pandemicsimulator\debug\pandemic.a2afb44f.tlog\link.17996-rc.read.1.tlog
c:\users\modder\source\repos\pandemicsimulator\pandemicsimulator\debug\pandemic.a2afb44f.tlog\link.17996-rc.write.1.tlog
c:\users\modder\source\repos\pandemicsimulator\pandemicsimulator\debug\pandemic.a2afb44f.tlog\link.17996.read.1.tlog
c:\users\modder\source\repos\pandemicsimulator\pandemicsimulator\debug\pandemic.a2afb44f.tlog\link.17996.write.1.tlog
c:\users\modder\source\repos\pandemicsimulator\pandemicsimulator\debug\pandemic.a2afb44f.tlog\link.command.1.tlog
c:\users\modder\source\repos\pandemicsimulator\pandemicsimulator\debug\pandemic.a2afb44f.tlog\link.read.1.tlog
c:\users\modder\source\repos\pandemicsimulator\pandemicsimulator\debug\pandemic.a2afb44f.tlog\link.write.1.tlog
